lmutil - Copyright (c) 1989-2006 Macrovision Europe Ltd. and/or Macrovision Corporation. All Rights Reserved.
Flexible License Manager status on Fri 3/2/2012 10:43

[Detecting lmgrd processes...]
License server status: 27000@SERVER001,27000@SERVER002,27000@SERVER003
    License file(s) on SERVER001: C:\License Servers\UGNX\UGNX.dat:

SERVER001: license server UP (MASTER) v10.8
SERVER002: license server UP v10.8
SERVER003: license server UP v10.8

Vendor daemon status (on SERVER001):

     uglmd: UP v10.8

Feature usage info:

Users of 3d_to_2d_flattener:  (Total of 1 license issued;  Total of 0 licenses in use)

Users of NX13100N:  (Total of 1 license issued;  Total of 0 licenses in use)

Users of UG13500:  (Total of 2 licenses issued;  Total of 1 license in use)

  "UG13500" v22.0, vendor: uglmd
  floating license

    steenwyk CAD9649D CAD9649D0.0 (v22.0) (SERVER001/27000 3861), start Fri 3/2 7:13

Users of adv_assemblies:  (Total of 7 licenses issued;  Total of 0 licenses in use)

Users of adv_sheet_metal_dsgn:  (Total of 8 licenses issued;  Total of 0 licenses in use)

Users of ansys_meshers:  (Total of 2 licenses issued;  Total of 0 licenses in use)

Users of assemblies:  (Total of 16 licenses issued;  Total of 3 licenses in use)

  "assemblies" v22.0, vendor: uglmd
  floating license

    czuhai CAD9651D CAD9651D0.0 (v22.0) (SERVER001/27000 2009), start Fri 3/2 10:21
    deman CAD9210D CAD9210D0.0 (v22.0) (SERVER001/27000 6118), start Fri 3/2 9:55
    kreys CAD9654D CAD9654D0.0 (v22.0) (SERVER001/27000 181), start Fri 3/2 10:06

Users of c_p_p_runtime:  (Total of 20 licenses issued;  Total of 0 licenses in use)

Users of dotnet_runtime:  (Total of 28 licenses issued;  Total of 0 licenses in use)

Users of drafting:  (Total of 16 licenses issued;  Total of 8 licenses in use)

  "drafting" v22.0, vendor: uglmd
  floating license

    boulter CAD9656D CAD9656D0.0 (v22.0) (SERVER001/27000 6049), start Fri 3/2 10:13
    ehlert CAD9647D CAD9647D0.0 (v22.0) (SERVER001/27000 1884), start Fri 3/2 9:27
    harkema CAD9698D CAD9698D0.0 (v22.0) (SERVER001/27000 2658), start Fri 3/2 8:04
    houtman CAD9690D CAD9690D0.0 (v22.0) (SERVER001/27000 703), start Fri 3/2 8:45
    morris CAD9648D CAD9648D0.0 (v22.0) (SERVER001/27000 5533), start Fri 3/2 8:09
    owczarzak CAD9692D CAD9692D0.0 (v22.0) (SERVER001/27000 6825), start Fri 3/2 9:14
    stiop CAD9575d CAD9575d0.0 (v22.0) (SERVER001/27000 5980), start Fri 3/2 10:16
    tasma CAD9696D CAD9696D0.0 (v22.0) (SERVER001/27000 5347), start Fri 3/2 10:38

Users of dxf_to_ug:  (Total of 1 license issued;  Total of 0 licenses in use)

Users of dxfdwg:  (Total of 1 license issued;  Total of 0 licenses in use)

Users of features_modeling:  (Total of 9 licenses issued;  Total of 0 licenses in use)

Users of flat_patterns:  (Total of 1 license issued;  Total of 0 licenses in use)

Users of free_form_modeling:  (Total of 9 licenses issued;  Total of 0 licenses in use)

Users of gateway:  (Total of 28 licenses issued;  Total of 20 licenses in use)

  "gateway" v22.0, vendor: uglmd
  floating license

    boulter CAD9656D CAD9656D0.0 (v22.0) (SERVER001/27000 7244), start Fri 3/2 7:43
    bozarth CAD9574D CAD9574D0.0 (v22.0) (SERVER001/27000 2961), start Fri 3/2 8:44
    czuhai CAD9651D CAD9651D0.0 (v22.0) (SERVER001/27000 1128), start Fri 3/2 8:04
    deboer CAD9668D CAD9668D0.0 (v22.0) (SERVER001/27000 3318), start Fri 3/2 6:35
    deman CAD9210D CAD9210D0.0 (v22.0) (SERVER001/27000 7135), start Fri 3/2 7:03
    ehlert CAD9647D CAD9647D0.0 (v22.0) (SERVER001/27000 980), start Fri 3/2 6:43
    harkema CAD9698D CAD9698D0.0 (v22.0) (SERVER001/27000 6763), start Fri 3/2 7:09
    houtman CAD9690D CAD9690D0.0 (v22.0) (SERVER001/27000 3477), start Fri 3/2 7:30
    karas CAD9701d CAD9701d0.0 (v22.0) (SERVER001/27000 3782), start Fri 3/2 7:12
    kreys CAD9654D CAD9654D0.0 (v22.0) (SERVER001/27000 1989), start Fri 3/2 7:50
    morris CAD9648D CAD9648D0.0 (v22.0) (SERVER001/27000 6274), start Fri 3/2 8:05
    moshauer CAD8272D CAD8272D0.0 (v22.0) (SERVER001/27000 4876), start Fri 3/2 6:37
    owczarzak CAD9692D CAD9692D0.0 (v22.0) (SERVER001/27000 615), start Fri 3/2 9:12
    schestag CAD8273D CAD8273D0.0 (v22.0) (SERVER001/27000 5234), start Fri 3/2 7:48
    sheffer CAD9653d CAD9653d0.0 (v22.0) (SERVER001/27000 4069), start Fri 3/2 7:12
    sternaman CAD9657D CAD9657D0.0 (v22.0) (SERVER001/27000 6439), start Fri 3/2 7:32
    stiop CAD9575d CAD9575d0.0 (v22.0) (SERVER001/27000 838), start Fri 3/2 7:13
    tasma CAD9696D CAD9696D0.0 (v22.0) (SERVER001/27000 5758), start Fri 3/2 7:24
    wetters CAD9699d CAD9699d0.0 (v22.0) (SERVER001/27000 1409), start Fri 3/2 7:17
    white CAD9695D CAD9695D0.0 (v22.0) (SERVER001/27000 4257), start Fri 3/2 6:38

Users of gfem_ansys:  (Total of 2 licenses issued;  Total of 0 licenses in use)

Users of gfem_nastran:  (Total of 2 licenses issued;  Total of 0 licenses in use)

Users of grip_development:  (Total of 99999 licenses issued;  Total of 0 licenses in use)

Users of grip_execute:  (Total of 17 licenses issued;  Total of 0 licenses in use)

Users of iges:  (Total of 1 license issued;  Total of 0 licenses in use)

Users of iman_1st:  (Total of 1 license issued;  Total of 0 licenses in use)

Users of iman_ideas:  (Total of 1 license issued;  Total of 0 licenses in use)

Users of iman_ug:  (Total of 8 licenses issued;  Total of 0 licenses in use)

Users of iman_ug_manager:  (Total of 1 license issued;  Total of 0 licenses in use)

Users of mechanisms:  (Total of 3 licenses issued;  Total of 0 licenses in use)

Users of motion_dyn:  (Total of 1 license issued;  Total of 0 licenses in use)

Users of motion_kin:  (Total of 3 licenses issued;  Total of 0 licenses in use)

Users of nx_ansys_export:  (Total of 1 license issued;  Total of 0 licenses in use)

Users of nx_freeform_1:  (Total of 9 licenses issued;  Total of 0 licenses in use)

Users of nx_freeform_2:  (Total of 9 licenses issued;  Total of 0 licenses in use)

Users of nx_nas_bn_basic_dsk:  (Total of 4 licenses issued;  Total of 0 licenses in use)

Users of nx_nas_nonlin_dsk:  (Total of 2 licenses issued;  Total of 0 licenses in use)

Users of nx_nastran_export:  (Total of 4 licenses issued;  Total of 0 licenses in use)

Users of nx_nastran_import:  (Total of 2 licenses issued;  Total of 0 licenses in use)

Users of nx_sheet_metal:  (Total of 8 licenses issued;  Total of 1 license in use)

  "nx_sheet_metal" v22.0, vendor: uglmd
  floating license

    steenwyk CAD9649D CAD9649D0.0 (v22.0) (SERVER001/27000 6964), start Fri 3/2 10:40

Users of pstudio_cons:  (Total of 28 licenses issued;  Total of 0 licenses in use)

Users of pv_ugdatagenerator:  (Total of 28 licenses issued;  Total of 0 licenses in use)

Users of sheet_metal:  (Total of 8 licenses issued;  Total of 0 licenses in use)

Users of sheet_metal_design:  (Total of 8 licenses issued;  Total of 0 licenses in use)

Users of solid_modeling:  (Total of 19 licenses issued;  Total of 11 licenses in use)

  "solid_modeling" v22.0, vendor: uglmd
  floating license

    czuhai CAD9651D CAD9651D0.0 (v22.0) (SERVER001/27000 4423), start Fri 3/2 10:02
    deboer CAD9668D CAD9668D0.0 (v22.0) (SERVER001/27000 6614), start Fri 3/2 6:37
    deman CAD9210D CAD9210D0.0 (v22.0) (SERVER001/27000 1709), start Fri 3/2 10:35
    karas CAD9701d CAD9701d0.0 (v22.0) (SERVER001/27000 5144), start Fri 3/2 10:09
    kreys CAD9654D CAD9654D0.0 (v22.0) (SERVER001/27000 309), start Fri 3/2 10:25
    moshauer CAD8272D CAD8272D0.0 (v22.0) (SERVER001/27000 468), start Fri 3/2 8:57
    schestag CAD8273D CAD8273D0.0 (v22.0) (SERVER001/27000 3091), start Fri 3/2 7:48
    sheffer CAD9653d CAD9653d0.0 (v22.0) (SERVER001/27000 3106), start Fri 3/2 10:27
    stiop CAD9575d CAD9575d0.0 (v22.0) (SERVER001/27000 7338), start Fri 3/2 8:43
    wetters CAD9699d CAD9699d0.0 (v22.0) (SERVER001/27000 211), start Fri 3/2 8:30
    white CAD9695D CAD9695D0.0 (v22.0) (SERVER001/27000 3227), start Fri 3/2 6:38

Users of ufunc_execute:  (Total of 20 licenses issued;  Total of 0 licenses in use)

Users of ug_collaborate:  (Total of 28 licenses issued;  Total of 0 licenses in use)

Users of ug_nas_bn:  (Total of 2 licenses issued;  Total of 0 licenses in use)

Users of ug_nas_des:  (Total of 1 license issued;  Total of 0 licenses in use)

Users of ug_scenario:  (Total of 2 licenses issued;  Total of 0 licenses in use)

Users of ug_smart_models:  (Total of 28 licenses issued;  Total of 0 licenses in use)

Users of ug_strength_wizard:  (Total of 1 license issued;  Total of 0 licenses in use)

Users of ug_struct_pe_solver:  (Total of 2 licenses issued;  Total of 0 licenses in use)

Users of ug_to_dxf:  (Total of 1 license issued;  Total of 0 licenses in use)

Users of ug_web_express:  (Total of 1 license issued;  Total of 0 licenses in use)

Users of ugopen_menuscript:  (Total of 21 licenses issued;  Total of 0 licenses in use)

Users of ugopen_plus_plus:  (Total of 1 license issued;  Total of 0 licenses in use)

Users of ui_styler:  (Total of 1 license issued;  Total of 0 licenses in use)

Users of usr_defined_features:  (Total of 1 license issued;  Total of 0 licenses in use)

Users of visview_base:  (Total of 1 license issued;  Total of 0 licenses in use)

Users of server_id:  (Total of 1 license issued;  Total of 0 licenses in use)

Users of UG13500_assemblies:  (Total of 2 licenses issued;  Total of 0 licenses in use)

Users of UG13500_c_p_p_runtime:  (Total of 2 licenses issued;  Total of 0 licenses in use)

Users of UG13500_dotnet_runtime:  (Total of 2 licenses issued;  Total of 0 licenses in use)

Users of UG13500_features_modeling:  (Total of 2 licenses issued;  Total of 1 license in use)

  "UG13500_features_modeling" v22.0, vendor: uglmd
  floating license

    steenwyk CAD9649D CAD9649D0.0 (v22.0) (SERVER001/27000 1550), start Fri 3/2 10:25

Users of UG13500_gateway:  (Total of 2 licenses issued;  Total of 1 license in use)

  "UG13500_gateway" v22.0, vendor: uglmd
  floating license

    steenwyk CAD9649D CAD9649D0.0 (v22.0) (SERVER001/27000 6586), start Fri 3/2 7:13

Users of UG13500_grip_execute:  (Total of 2 licenses issued;  Total of 0 licenses in use)

Users of UG13500_id_ext_fem_beam:  (Total of 2 licenses issued;  Total of 0 licenses in use)

Users of UG13500_iges:  (Total of 2 licenses issued;  Total of 0 licenses in use)

Users of UG13500_nx_freeform_1:  (Total of 2 licenses issued;  Total of 0 licenses in use)

Users of UG13500_nx_freeform_2:  (Total of 2 licenses issued;  Total of 0 licenses in use)

Users of UG13500_nx_ftk:  (Total of 2 licenses issued;  Total of 0 licenses in use)

Users of UG13500_nx_masterfem:  (Total of 2 licenses issued;  Total of 0 licenses in use)

Users of UG13500_nx_material_system:  (Total of 2 licenses issued;  Total of 0 licenses in use)

Users of UG13500_nx_spsd_stress:  (Total of 2 licenses issued;  Total of 0 licenses in use)

Users of UG13500_nx_spsd_vibration:  (Total of 2 licenses issued;  Total of 0 licenses in use)

Users of UG13500_pcf_package_file:  (Total of 2 licenses issued;  Total of 0 licenses in use)

Users of UG13500_pstudio_cons:  (Total of 2 licenses issued;  Total of 0 licenses in use)

Users of UG13500_pv_ugdatagenerator:  (Total of 2 licenses issued;  Total of 0 licenses in use)

Users of UG13500_sla_3d_systems:  (Total of 2 licenses issued;  Total of 0 licenses in use)

Users of UG13500_solid_modeling:  (Total of 2 licenses issued;  Total of 1 license in use)

  "UG13500_solid_modeling" v22.0, vendor: uglmd
  floating license

    steenwyk CAD9649D CAD9649D0.0 (v22.0) (SERVER001/27000 5653), start Fri 3/2 10:19

Users of UG13500_step_ap203:  (Total of 2 licenses issued;  Total of 0 licenses in use)

Users of UG13500_step_ap214:  (Total of 2 licenses issued;  Total of 0 licenses in use)

Users of UG13500_studio_render:  (Total of 2 licenses issued;  Total of 0 licenses in use)

Users of UG13500_studio_visualize:  (Total of 2 licenses issued;  Total of 0 licenses in use)

Users of UG13500_ufunc_execute:  (Total of 2 licenses issued;  Total of 0 licenses in use)

Users of UG13500_ug_checkmate:  (Total of 2 licenses issued;  Total of 0 licenses in use)

Users of UG13500_ug_collaborate:  (Total of 2 licenses issued;  Total of 0 licenses in use)

Users of UG13500_ug_kf_checker:  (Total of 2 licenses issued;  Total of 0 licenses in use)

Users of UG13500_ug_kf_execute:  (Total of 2 licenses issued;  Total of 0 licenses in use)

Users of UG13500_ug_smart_models:  (Total of 2 licenses issued;  Total of 0 licenses in use)

Users of UG13500_ug_web_express:  (Total of 2 licenses issued;  Total of 0 licenses in use)

Users of UG13500_ugopen_menuscript:  (Total of 2 licenses issued;  Total of 0 licenses in use)

Users of UG13500_usr_defined_features:  (Total of 2 licenses issued;  Total of 0 licenses in use)

Users of NX13100N_3d_to_2d_flattener:  (Total of 1 license issued;  Total of 0 licenses in use)

Users of NX13100N_adv_assemblies:  (Total of 1 license issued;  Total of 0 licenses in use)

Users of NX13100N_assemblies:  (Total of 1 license issued;  Total of 0 licenses in use)

Users of NX13100N_design_studio:  (Total of 1 license issued;  Total of 0 licenses in use)

Users of NX13100N_dotnet_runtime:  (Total of 1 license issued;  Total of 0 licenses in use)

Users of NX13100N_drafting:  (Total of 1 license issued;  Total of 0 licenses in use)

Users of NX13100N_dxf_to_ug:  (Total of 1 license issued;  Total of 0 licenses in use)

Users of NX13100N_dxfdwg:  (Total of 1 license issued;  Total of 0 licenses in use)

Users of NX13100N_features_modeling:  (Total of 1 license issued;  Total of 0 licenses in use)

Users of NX13100N_free_form_modeling:  (Total of 1 license issued;  Total of 0 licenses in use)

Users of NX13100N_gateway:  (Total of 1 license issued;  Total of 0 licenses in use)

Users of NX13100N_geometric_tol:  (Total of 1 license issued;  Total of 0 licenses in use)

Users of NX13100N_grip_execute:  (Total of 1 license issued;  Total of 0 licenses in use)

Users of NX13100N_iges:  (Total of 1 license issued;  Total of 0 licenses in use)

Users of NX13100N_nc_external_program:  (Total of 1 license issued;  Total of 0 licenses in use)

Users of NX13100N_nx_flexible_pcb:  (Total of 1 license issued;  Total of 0 licenses in use)

Users of NX13100N_nx_freeform_1:  (Total of 1 license issued;  Total of 0 licenses in use)

Users of NX13100N_nx_freeform_2:  (Total of 1 license issued;  Total of 0 licenses in use)

Users of NX13100N_nx_nastran_export:  (Total of 1 license issued;  Total of 0 licenses in use)

Users of NX13100N_nx_sheet_metal:  (Total of 1 license issued;  Total of 0 licenses in use)

Users of NX13100N_nx_spsd_stress:  (Total of 1 license issued;  Total of 0 licenses in use)

Users of NX13100N_nx_spsd_vibration:  (Total of 1 license issued;  Total of 0 licenses in use)

Users of NX13100N_pcf_package_file:  (Total of 1 license issued;  Total of 0 licenses in use)

Users of NX13100N_pstudio_cons:  (Total of 1 license issued;  Total of 0 licenses in use)

Users of NX13100N_pv_ugdatagenerator:  (Total of 1 license issued;  Total of 0 licenses in use)

Users of NX13100N_sla_3d_systems:  (Total of 1 license issued;  Total of 0 licenses in use)

Users of NX13100N_solid_modeling:  (Total of 1 license issued;  Total of 0 licenses in use)

Users of NX13100N_step_ap203:  (Total of 1 license issued;  Total of 0 licenses in use)

Users of NX13100N_step_ap214:  (Total of 1 license issued;  Total of 0 licenses in use)

Users of NX13100N_studio_analyze:  (Total of 1 license issued;  Total of 0 licenses in use)

Users of NX13100N_studio_free_form:  (Total of 1 license issued;  Total of 0 licenses in use)

Users of NX13100N_studio_render:  (Total of 1 license issued;  Total of 0 licenses in use)

Users of NX13100N_studio_visualize:  (Total of 1 license issued;  Total of 0 licenses in use)

Users of NX13100N_ug_checkmate:  (Total of 1 license issued;  Total of 0 licenses in use)

Users of NX13100N_ug_collaborate:  (Total of 1 license issued;  Total of 0 licenses in use)

Users of NX13100N_ug_kf_checker:  (Total of 1 license issued;  Total of 0 licenses in use)

Users of NX13100N_ug_kf_execute:  (Total of 1 license issued;  Total of 0 licenses in use)

Users of NX13100N_ug_nas_des:  (Total of 1 license issued;  Total of 0 licenses in use)

Users of NX13100N_ug_opt_wizard:  (Total of 1 license issued;  Total of 0 licenses in use)

Users of NX13100N_ug_prod_des_advisor:  (Total of 1 license issued;  Total of 0 licenses in use)

Users of NX13100N_ug_smart_models:  (Total of 1 license issued;  Total of 0 licenses in use)

Users of NX13100N_ug_to_dxf:  (Total of 1 license issued;  Total of 0 licenses in use)

Users of NX13100N_ug_web_express:  (Total of 1 license issued;  Total of 0 licenses in use)

Users of NX13100N_ugopen_menuscript:  (Total of 1 license issued;  Total of 0 licenses in use)

Users of NX13100N_usr_defined_features:  (Total of 1 license issued;  Total of 0 licenses in use)

