lmutil - Copyright (c) 1989-2006 Macrovision Europe Ltd. and/or Macrovision Corporation. All Rights Reserved.
Flexible License Manager status on Wed 4/11/2012 10:43

[Detecting lmgrd processes...]
License server status: 27005@SERVER001,27005@SERVER002,27005@SERVER003
    License file(s) on SERVER001: C:\License Servers\Autodesk\Autodesk.dat:

SERVER001: license server UP (MASTER) v10.8
SERVER002: license server UP v10.8
SERVER003: license server UP v10.8

Vendor daemon status (on SERVER001):

  adskflex: UP v10.8

Feature usage info:

Users of 42600ACD_2004_0F:  (Total of 473 licenses issued;  Total of 0 licenses in use)

Users of 47300ACAD_E_2004_0F:  (Total of 50 licenses issued;  Total of 0 licenses in use)

Users of 45900AMECH_PP_2004DX_0F:  (Total of 12 licenses issued;  Total of 0 licenses in use)

Users of 43400AMECH_PP_2004_0F:  (Total of 10 licenses issued;  Total of 0 licenses in use)

Users of 51200ACD_2007_0F:  (Total of 323 licenses issued;  Total of 0 licenses in use)

Users of PLIST:  (Total of 1 license issued;  Total of 0 licenses in use)

Users of 48800ACD_2006_0F:  (Total of 323 licenses issued;  Total of 4 licenses in use)

  "48800ACD_2006_0F" v1.000, vendor: adskflex
  floating license

    ganger CAD9201D CAD9201D (v1.000) (SERVER001/27005 2931), start Wed 4/11 10:40
    ghaeli CAD8651D CAD8651D (v1.000) (SERVER001/27005 5318), start Wed 4/11 7:45
    rhodea CAD8689D CAD8689D (v1.000) (SERVER001/27005 101), start Thu 4/5 15:18 (linger: 15429540)
    stubbs CAD8979D CAD8979D (v1.000) (SERVER001/27005 3618), start Wed 4/11 10:35

Users of 51900AMECH_PP_2007_0F:  (Total of 250 licenses issued;  Total of 0 licenses in use)

Users of 49400AMECH_PP_2006_0F:  (Total of 250 licenses issued;  Total of 1 license in use)

  "49400AMECH_PP_2006_0F" v1.000, vendor: adskflex
  floating license

    deboer CAD8508D CAD8508D (v1.000) (SERVER001/27005 10116), start Wed 4/11 9:18

Users of 52100ACAD_E_2007_0F:  (Total of 40 licenses issued;  Total of 0 licenses in use)

Users of 49600ACAD_E_2006_0F:  (Total of 40 licenses issued;  Total of 1 license in use)

  "49600ACAD_E_2006_0F" v1.000, vendor: adskflex
  floating license

    lupton CAD9320D CAD9320D (v1.000) (SERVER001/27005 12514), start Wed 4/11 9:58

Users of 51300INVBUN_11_0F:  (Total of 3 licenses issued;  Total of 0 licenses in use)

Users of 48900INVBUN_10_0F:  (Total of 3 licenses issued;  Total of 0 licenses in use)

Users of 55000INVBUN_2008_0F:  (Total of 3 licenses issued;  Total of 0 licenses in use)

Users of 53500VIZ_2007_0F:  (Total of 2 licenses issued;  Total of 0 licenses in use)

Users of 54600ACD_2008_0F:  (Total of 293 licenses issued;  Total of 82 licenses in use)

  "54600ACD_2008_0F" v1.000, vendor: adskflex
  floating license

    amandp CAD8466D CAD8466D (v1.000) (SERVER001/27005 12813), start Wed 4/11 10:35
    ambros CAD8500d CAD8500d (v1.000) (SERVER001/27005 13915), start Wed 4/11 10:15
    baldwi CAD8573D CAD8573D (v1.000) (SERVER001/27005 13622), start Wed 4/11 8:59
    barbur CAD9211d CAD9211d (v1.000) (SERVER001/27005 5409), start Sat 4/7 10:16 (linger: 567780)
    boudre CAD9022D CAD9022D (v1.000) (SERVER001/27005 5026), start Wed 4/11 9:18
    bouwsk CAD8329D CAD8329D (v1.000) (SERVER001/27005 11710), start Wed 4/11 7:39
    bowski CAD8647D CAD8647D (v1.000) (SERVER001/27005 4219), start Wed 4/11 7:07
    brofft CAD9620d CAD9620d (v1.000) (SERVER001/27005 5613), start Wed 4/11 10:09
    brumel CAD9396D CAD9396D (v1.000) (SERVER001/27005 601), start Thu 4/5 15:18 (linger: 14437140)
    buggad CAD8622D CAD8622D (v1.000) (SERVER001/27005 201), start Thu 4/5 15:18 (linger: 10749180)
    bukosk CAD8247D CAD8247D (v1.000) (SERVER001/27005 6718), start Wed 4/11 9:59
    burnet CAD8341D CAD8341D (v1.000) (SERVER001/27005 13335), start Wed 4/11 8:45
    calvin CAD9400D CAD9400D (v1.000) (SERVER001/27005 10721), start Wed 4/11 9:23
    camero CAD9260D CAD9260D (v1.000) (SERVER001/27005 7825), start Wed 4/11 9:45
    cianfa CAD9181d CAD9181d (v1.000) (SERVER001/27005 8815), start Wed 4/11 6:59
    coolba CAD8590D CAD8590D (v1.000) (SERVER001/27005 10615), start Wed 4/11 7:09
    delane CAD8509D CAD8509D (v1.000) (SERVER001/27005 3318), start Wed 4/11 10:30
    ducsay CAD8326D CAD8326D (v1.000) (SERVER001/27005 2829), start Wed 4/11 7:45
    edenlg CAD8224d CAD8224d (v1.000) (SERVER001/27005 301), start Thu 4/5 15:18 (linger: 7812720)
    elliot CAD9461d CAD9461d (v1.000) (SERVER001/27005 2311), start Wed 4/11 7:19
    fleckc CAD9249d CAD9249d (v1.000) (SERVER001/27005 7121), start Wed 4/11 9:18
    frosha CAD8226D CAD8226D (v1.000) (SERVER001/27005 1601), start Thu 4/5 15:18 (linger: 2464800)
    fulker CAD8784D CAD8784D (v1.000) (SERVER001/27005 7714), start Wed 4/11 8:23
    gallat CAD9581D CAD9581D (v1.000) (SERVER001/27005 7413), start Wed 4/11 7:23
    galmor CAD8473d CAD8473d (v1.000) (SERVER001/27005 5721), start Wed 4/11 9:32
    garcia CAD9024D CAD9024D (v1.000) (SERVER001/27005 12314), start Wed 4/11 10:01
    hagado CAD9631D CAD9631D (v1.000) (SERVER001/27005 7504), start Fri 4/6 13:37 (linger: 825720)
    harder CAD8623D CAD8623D (v1.000) (SERVER001/27005 1203), start Sun 4/8 13:07 (linger: 1248720)
    harmon CAD9552D CAD9552D (v1.000) (SERVER001/27005 13719), start Wed 4/11 8:00
    heathk CAD9225D CAD9225D (v1.000) (SERVER001/27005 2015), start Wed 4/11 9:39
    hirsch CAD9303D CAD9303D (v1.000) (SERVER001/27005 1401), start Thu 4/5 15:18 (linger: 10402560)
    hussm1 CAD8700D CAD8700D (v1.000) (SERVER001/27005 10023), start Wed 4/11 10:01
    johnso CAD8950D CAD8950D (v1.000) (SERVER001/27005 901), start Thu 4/5 15:18 (linger: 2797680)
    kempsd CAD8619D CAD8619D (v1.000) (SERVER001/27005 4832), start Wed 4/11 8:59
    kentra CAD8426D CAD8426D (v1.000) (SERVER001/27005 12611), start Wed 4/11 8:20
    kossam CAD8339D CAD8339D (v1.000) (SERVER001/27005 8320), start Wed 4/11 8:27
    kossen CAD8701d CAD8701d (v1.000) (SERVER001/27005 13117), start Wed 4/11 8:55
    leiter CAD8483D CAD8483D (v1.000) (SERVER001/27005 9312), start Wed 4/11 10:14
    lesarg CAD9318D CAD9318D (v1.000) (SERVER001/27005 6916), start Wed 4/11 10:38
    lindse CAD8740D CAD8740D (v1.000) (SERVER001/27005 11908), start Wed 4/11 8:49
    lirajb CAD9029D CAD9029D (v1.000) (SERVER001/27005 6819), start Wed 4/11 10:34
    lohrdp CAD8865d CAD8865d (v1.000) (SERVER001/27005 4416), start Wed 4/11 9:14
    lomont CAD9198D CAD9198D (v1.000) (SERVER001/27005 9516), start Wed 4/11 7:39
    lutzjr CAD9221D CAD9221D (v1.000) (SERVER001/27005 2402), start Wed 4/11 9:48
    mcgeec CAD8632D CAD8632D (v1.000) (SERVER001/27005 401), start Thu 4/5 15:18 (linger: 7373640)
    mellem CAD8781D CAD8781D (v1.000) (SERVER001/27005 4318), start Wed 4/11 7:32
    mitche CAD9116D CAD9116D (v1.000) (SERVER001/27005 12014), start Wed 4/11 8:52
    mooreb CAD8744D CAD8744D (v1.000) (SERVER001/27005 10212), start Wed 4/11 10:07
    mziktj CAD8702D CAD8702D (v1.000) (SERVER001/27005 6314), start Wed 4/11 8:16
    noomes CAD8485D CAD8485D (v1.000) (SERVER001/27005 9907), start Wed 4/11 7:20
    pilarz CAD9398d CAD9398d (v1.000) (SERVER001/27005 8116), start Wed 4/11 9:20
    pospyc CAD8468D CAD8468D (v1.000) (SERVER001/27005 7615), start Wed 4/11 8:08
    pothrm CAD9599D CAD9599D (v1.000) (SERVER001/27005 1501), start Thu 4/5 15:18 (linger: 2642760)
    radoca CAD8650D CAD8650D (v1.000) (SERVER001/27005 5533), start Wed 4/11 8:25
    ramonj CAD8338D CAD8338D (v1.000) (SERVER001/27005 11115), start Wed 4/11 10:22
    ramsey CAD8745D CAD8745D (v1.000) (SERVER001/27005 3814), start Wed 4/11 7:58
    ransch CAD8328D CAD8328D (v1.000) (SERVER001/27005 7319), start Wed 4/11 10:28
    reisse CAD9199D CAD9199D (v1.000) (SERVER001/27005 8918), start Wed 4/11 8:06
    saunde CAD9345d CAD9345d (v1.000) (SERVER001/27005 2201), start Thu 4/5 15:18 (linger: 990540)
    schmit CAD8968D CAD8968D (v1.000) (SERVER001/27005 12917), start Wed 4/11 7:51
    schwit CAD9183D CAD9183D (v1.000) (SERVER001/27005 6514), start Wed 4/11 8:00
    silvag CAD9178D CAD9178D (v1.000) (SERVER001/27005 13419), start Wed 4/11 10:11
    solowa CAD8321D CAD8321D (v1.000) (SERVER001/27005 3517), start Wed 4/11 7:47
    staals CAD8324D CAD8324D (v1.000) (SERVER001/27005 6420), start Wed 4/11 9:59
    staats CAD8437D CAD8437D (v1.000) (SERVER001/27005 8714), start Wed 4/11 9:02
    steine CAD8981D CAD8981D (v1.000) (SERVER001/27005 12112), start Wed 4/11 10:14
    stelma CAD8709D CAD8709D (v1.000) (SERVER001/27005 10513), start Wed 4/11 6:53
    szarow CAD8952D CAD8952D (v1.000) (SERVER001/27005 1001), start Thu 4/5 15:18 (linger: 2797080)
    terpst CAD8327D CAD8327D (v1.000) (SERVER001/27005 9023), start Wed 4/11 8:44
    trabka CAD9366D CAD9366D (v1.000) (SERVER001/27005 4514), start Wed 4/11 7:50
    vander CAD8755D CAD8755D (v1.000) (SERVER001/27005 12708), start Wed 4/11 7:06
    vandyk CAD8756D CAD8756D (v1.000) (SERVER001/27005 6616), start Wed 4/11 7:04
    vassel CAD8989d CAD8989d (v1.000) (SERVER001/27005 9718), start Wed 4/11 8:16
    vaugha CAD9315d CAD9315d (v1.000) (SERVER001/27005 2611), start Wed 4/11 8:55
    veithr CAD9161D CAD9161D (v1.000) (SERVER001/27005 1717), start Wed 4/11 8:06
    wendla CAD8711d CAD8711d (v1.000) (SERVER001/27005 9821), start Wed 4/11 9:18
    westbf CAD8765D CAD8765D (v1.000) (SERVER001/27005 11010), start Wed 4/11 9:58
    wintv1 CAD8872D CAD8872D (v1.000) (SERVER001/27005 11411), start Wed 4/11 9:27
    wright CAD8712d CAD8712d (v1.000) (SERVER001/27005 8514), start Wed 4/11 7:46
    yacksj CAD8496D CAD8496D (v1.000) (SERVER001/27005 9224), start Wed 4/11 9:45
    zalesk CAD9226D CAD9226D (v1.000) (SERVER001/27005 3920), start Wed 4/11 8:58
    zimmer CAD8713d CAD8713d (v1.000) (SERVER001/27005 8213), start Wed 4/11 10:37

Users of 56000ACAD_E_2008_0F:  (Total of 50 licenses issued;  Total of 25 licenses in use)

  "56000ACAD_E_2008_0F" v1.000, vendor: adskflex
  floating license

    Venekl CAD8477D CAD8477D (v1.000) (SERVER001/27005 11526), start Wed 4/11 6:04
    bawden CAD8714d CAD8714d (v1.000) (SERVER001/27005 13017), start Wed 4/11 9:26
    blackj CAD9558D CAD9558D (v1.000) (SERVER001/27005 1901), start Thu 4/5 15:18 (linger: 1851600)
    brower CAD8293D CAD8293D (v1.000) (SERVER001/27005 2103), start Mon 4/9 7:08 (linger: 579060)
    burkit CAD9441D CAD9441D (v1.000) (SERVER001/27005 5118), start Wed 4/11 6:58
    chalme CAD9263D CAD9263D (v1.000) (SERVER001/27005 6110), start Wed 4/11 7:11
    consta CAD9268d CAD9268d (v1.000) (SERVER001/27005 8613), start Sat 4/7 16:59 (linger: 4780800)
    ehlert CAD8617D CAD8617D (v1.000) (SERVER001/27005 10318), start Wed 4/11 6:25
    hekman CAD9632D CAD9632D (v1.000) (SERVER001/27005 4723), start Wed 4/11 8:37
    hildeb CAD8931D CAD8931D (v1.000) (SERVER001/27005 4920), start Wed 4/11 10:30
    hofste CAD9744D CAD9744D (v1.000) (SERVER001/27005 11620), start Wed 4/11 10:32
    kempsd CAD8619D CAD8619D (v1.000) (SERVER001/27005 501), start Thu 4/5 15:18 (linger: 15444420)
    krysti CAD8782D CAD8782D (v1.000) (SERVER001/27005 1101), start Thu 4/5 15:18 (linger: 2479200)
    krysti CAD9437d CAD9437d (v1.000) (SERVER001/27005 9618), start Wed 4/11 7:29
    lamphe CAD8703D CAD8703D (v1.000) (SERVER001/27005 3716), start Wed 4/11 7:13
    marekj CAD9057D CAD9057D (v1.000) (SERVER001/27005 7023), start Wed 4/11 8:51
    nguyen CAD8306D CAD8306D (v1.000) (SERVER001/27005 1801), start Thu 4/5 15:18 (linger: 2645760)
    ravell CAD8996D CAD8996D (v1.000) (SERVER001/27005 801), start Thu 4/5 15:18 (linger: 1862760)
    schuch CAD9348D CAD9348D (v1.000) (SERVER001/27005 2501), start Thu 4/5 15:18 (linger: 4530600)
    shaver CAD8310D CAD8310D (v1.000) (SERVER001/27005 1303), start Sun 4/8 8:52 (linger: 1091220)
    smithg CAD9058D CAD9058D (v1.000) (SERVER001/27005 5920), start Wed 4/11 8:29
    spratk CAD9421D CAD9421D (v1.000) (SERVER001/27005 3216), start Wed 4/11 9:28
    vigens CAD9376D CAD9376D (v1.000) (SERVER001/27005 10819), start Wed 4/11 9:49
    webbdj CAD8993D CAD8993D (v1.000) (SERVER001/27005 703), start Sat 4/7 10:27 (linger: 2554320)
    woodwy CAD9381D CAD9381D (v1.000) (SERVER001/27005 6214), start Wed 4/11 9:21

Users of 54900AMECH_PP_2008_0F:  (Total of 250 licenses issued;  Total of 1 license in use)

  "54900AMECH_PP_2008_0F" v1.000, vendor: adskflex
  floating license

    crawfo CAD8506D CAD8506D (v1.000) (SERVER001/27005 4125), start Wed 4/11 10:05

Users of 64500INVBUN_F:  (Total of 3 licenses issued;  Total of 0 licenses in use)

Users of 64400AMECH_PP_F:  (Total of 250 licenses issued;  Total of 2 licenses in use)

  "64400AMECH_PP_F" v1.000, vendor: adskflex
  floating license

    crawfo CAD8506D CAD8506D (v1.000) (SERVER001/27005 10915), start Wed 4/11 10:05
    deboer CAD8508D CAD8508D (v1.000) (SERVER001/27005 9125), start Wed 4/11 9:18

Users of 59200AMECH_PP_2009_0F:  (Total of 250 licenses issued;  Total of 0 licenses in use)

Users of 59300INVBUN_2009_0F:  (Total of 3 licenses issued;  Total of 0 licenses in use)

